<?xml version="1.0" encoding="UTF-8"?>
<!-- Generated by org.testng.reporters.JUnitXMLReporter -->
<testsuite ignored="0" hostname="AZVDCNKCR0269-0" failures="0" tests="11" name="Test" time="37.905" errors="0" timestamp="2023-08-22T16:47:02 UTC">
  <testcase classname="com.WebOrder.WebOrder_Login_All_TCs_Example" name="login_to_app" time="2.619"/>
  <testcase classname="com.WebOrder.WebOrder_Login_All_TCs_Example" name="login_to_app" time="0.395"/>
  <testcase classname="com.WebOrder.WebOrder_Login_All_TCs_Example" name="login_to_app" time="0.404"/>
  <testcase classname="com.WebOrder.WebOrder_Login_All_TCs_Example" name="login_to_app" time="0.414"/>
  <testcase classname="com.WebOrder.WebOrder_Login_All_TCs_Example" name="login_to_app" time="0.381"/>
  <testcase classname="com.WebOrder.WebOrder_Login_Create_Unique_Order" name="login_to_app" time="1.704"/>
  <testcase classname="com.WebOrder.WebOrder_Login_Create_Unique_Order" name="createOrder" time="6.797"/>
  <testcase classname="com.WebOrder.WebOrder_DeleteOrder_VerifyOrder" name="login_to_app" time="1.759"/>
  <testcase classname="com.WebOrder.WebOrder_DeleteOrder_VerifyOrder" name="createOrder" time="6.683"/>
  <testcase classname="com.WebOrder.WebOrder_DeleteOrder_VerifyOrder" name="update_order" time="6.503"/>
  <testcase classname="com.WebOrder.WebOrder_DeleteOrder_VerifyOrder" name="delete_order" time="0.588"/>
</testsuite> <!-- Test -->
