<?xml version="1.0" encoding="UTF-8"?>
<!-- Generated by org.testng.reporters.JUnitXMLReporter -->
<testsuite ignored="0" hostname="AZVDCNKCR0269-0" failures="0" tests="7" name="Default test" time="28.114" errors="0" timestamp="2023-08-23T02:49:29 UTC">
  <testcase classname="com.spree.Spree_FilterBrand_NumItem" name="selectBrand" time="2.086"/>
  <testcase classname="com.spree.Spree_FilterBrand_NumItem" name="selectBrand" time="2.068"/>
  <testcase classname="com.spree.Spree_FilterBrand_NumItem" name="selectBrand" time="2.07"/>
  <testcase classname="com.spree.Spree_FilterBrand_NumItem" name="selectBrand" time="2.072"/>
  <testcase classname="com.spree.Spree_FilterBrand_NumItem" name="selectBrand" time="2.083"/>
  <testcase classname="com.spree.Spree_FilterBrand_NumItem" name="selectBrand" time="2.069"/>
  <testcase classname="com.spree.Spree_FilterBrand_NumItem" name="selectBrand" time="2.067"/>
</testsuite> <!-- Default test -->
