<?xml version="1.0" encoding="UTF-8"?>
<testng-results ignored="0" total="1" passed="1" failed="0" skipped="0">
  <reporter-output>
  </reporter-output>
  <suite started-at="2023-08-23T23:14:50 CDT" name="Default suite" finished-at="2023-08-23T23:15:02 CDT" duration-ms="12068">
    <groups>
    </groups>
    <test started-at="2023-08-23T23:14:50 CDT" name="Default test" finished-at="2023-08-23T23:15:02 CDT" duration-ms="12068">
      <class name="com.nopcommerce.NOP_CreateProduct_DeleteProduct_Verify">
        <test-method is-config="true" signature="pre_condition()[pri:0, instance:com.nopcommerce.NOP_CreateProduct_DeleteProduct_Verify@5c5eefef]" started-at="2023-08-23T23:14:50 CDT" name="pre_condition" finished-at="2023-08-23T23:14:56 CDT" duration-ms="6080" status="PASS">
          <reporter-output>
          </reporter-output>
        </test-method> <!-- pre_condition -->
        <test-method signature="addProduct()[pri:1, instance:com.nopcommerce.NOP_CreateProduct_DeleteProduct_Verify@5c5eefef]" started-at="2023-08-23T23:14:56 CDT" name="addProduct" finished-at="2023-08-23T23:15:01 CDT" duration-ms="5843" status="PASS">
          <reporter-output>
          </reporter-output>
        </test-method> <!-- addProduct -->
        <test-method is-config="true" signature="post_condition()[pri:0, instance:com.nopcommerce.NOP_CreateProduct_DeleteProduct_Verify@5c5eefef]" started-at="2023-08-23T23:15:01 CDT" name="post_condition" finished-at="2023-08-23T23:15:02 CDT" duration-ms="118" status="PASS">
          <reporter-output>
          </reporter-output>
        </test-method> <!-- post_condition -->
      </class> <!-- com.nopcommerce.NOP_CreateProduct_DeleteProduct_Verify -->
    </test> <!-- Default test -->
  </suite> <!-- Default suite -->
</testng-results>
