<?xml version="1.0" encoding="UTF-8"?>
<testng-results ignored="0" total="1" passed="1" failed="0" skipped="0">
  <reporter-output>
  </reporter-output>
  <suite started-at="2023-08-23T21:13:19 UTC" name="Default suite" finished-at="2023-08-23T21:13:29 UTC" duration-ms="10191">
    <groups>
    </groups>
    <test started-at="2023-08-23T21:13:19 UTC" name="Default test" finished-at="2023-08-23T21:13:29 UTC" duration-ms="10191">
      <class name="com.nopcommerce.NOP_CreateProduct_DeleteProduct_Verify">
        <test-method is-config="true" signature="pre_condition()[pri:0, instance:com.nopcommerce.NOP_CreateProduct_DeleteProduct_Verify@1573f9fc]" started-at="2023-08-23T21:13:19 UTC" name="pre_condition" finished-at="2023-08-23T21:13:26 UTC" duration-ms="7033" status="PASS">
          <reporter-output>
          </reporter-output>
        </test-method> <!-- pre_condition -->
        <test-method signature="f()[pri:0, instance:com.nopcommerce.NOP_CreateProduct_DeleteProduct_Verify@1573f9fc]" started-at="2023-08-23T21:13:26 UTC" name="f" finished-at="2023-08-23T21:13:29 UTC" duration-ms="3019" status="PASS">
          <reporter-output>
          </reporter-output>
        </test-method> <!-- f -->
        <test-method is-config="true" signature="post_condition()[pri:0, instance:com.nopcommerce.NOP_CreateProduct_DeleteProduct_Verify@1573f9fc]" started-at="2023-08-23T21:13:29 UTC" name="post_condition" finished-at="2023-08-23T21:13:29 UTC" duration-ms="109" status="PASS">
          <reporter-output>
          </reporter-output>
        </test-method> <!-- post_condition -->
      </class> <!-- com.nopcommerce.NOP_CreateProduct_DeleteProduct_Verify -->
    </test> <!-- Default test -->
  </suite> <!-- Default suite -->
</testng-results>
