<?xml version="1.0" encoding="UTF-8"?>
<!-- Generated by org.testng.reporters.JUnitXMLReporter -->
<testsuite ignored="0" hostname="AZVDCNKCR0269-0" failures="0" tests="5" name="ChromeTest" time="7.947" errors="0" timestamp="2023-08-22T17:06:26 UTC">
  <testcase classname="com.WebOrder.WebOrder_Cross_Browser_Example" name="login_to_app" time="2.599"/>
  <testcase classname="com.WebOrder.WebOrder_Cross_Browser_Example" name="login_to_app" time="0.392"/>
  <testcase classname="com.WebOrder.WebOrder_Cross_Browser_Example" name="login_to_app" time="0.409"/>
  <testcase classname="com.WebOrder.WebOrder_Cross_Browser_Example" name="login_to_app" time="0.39"/>
  <testcase classname="com.WebOrder.WebOrder_Cross_Browser_Example" name="login_to_app" time="0.379"/>
</testsuite> <!-- ChromeTest -->
