<?xml version="1.0" encoding="UTF-8"?>
<!-- Generated by org.testng.reporters.JUnitXMLReporter -->
<testsuite ignored="0" hostname="AZVDCNKCR0269-0" failures="0" tests="5" name="EdgeTest" time="14.65" errors="0" timestamp="2023-08-22T17:06:41 UTC">
  <testcase classname="com.WebOrder.WebOrder_Cross_Browser_Example" name="login_to_app" time="2.663"/>
  <testcase classname="com.WebOrder.WebOrder_Cross_Browser_Example" name="login_to_app" time="0.426"/>
  <testcase classname="com.WebOrder.WebOrder_Cross_Browser_Example" name="login_to_app" time="0.444"/>
  <testcase classname="com.WebOrder.WebOrder_Cross_Browser_Example" name="login_to_app" time="0.425"/>
  <testcase classname="com.WebOrder.WebOrder_Cross_Browser_Example" name="login_to_app" time="0.408"/>
</testsuite> <!-- EdgeTest -->
