<?xml version="1.0" encoding="UTF-8"?>
<!-- Generated by org.testng.reporters.JUnitXMLReporter -->
<testsuite ignored="0" hostname="AZVDCNKCR0269-0" failures="0" tests="5" name="IETest" time="3.187" errors="0" timestamp="2023-08-22T17:06:44 UTC">
  <testcase classname="com.WebOrder.WebOrder_Cross_Browser_Example" name="login_to_app" time="0.0">
    <skipped/>
  </testcase> <!-- login_to_app -->
  <testcase classname="com.WebOrder.WebOrder_Cross_Browser_Example" name="login_to_app" time="0.0">
    <skipped/>
  </testcase> <!-- login_to_app -->
  <testcase classname="com.WebOrder.WebOrder_Cross_Browser_Example" name="login_to_app" time="0.0">
    <skipped/>
  </testcase> <!-- login_to_app -->
  <testcase classname="com.WebOrder.WebOrder_Cross_Browser_Example" name="login_to_app" time="0.0">
    <skipped/>
  </testcase> <!-- login_to_app -->
  <testcase classname="com.WebOrder.WebOrder_Cross_Browser_Example" name="login_to_app" time="0.0">
    <skipped/>
  </testcase> <!-- login_to_app -->
</testsuite> <!-- IETest -->
